{
  "stats": {
    "suites": 1,
    "tests": 1,
    "passes": 0,
    "pending": 0,
    "failures": 1,
    "start": "2026-03-13T00:03:02.077Z",
    "end": "2026-03-13T00:03:23.250Z",
    "duration": 21173,
    "testsRegistered": 4,
    "passPercent": 0,
    "pendingPercent": 0,
    "other": 0,
    "hasOther": false,
    "skipped": 3,
    "hasSkipped": true
  },
  "results": [
    {
      "uuid": "1baa2fef-4e6e-4e90-a4fc-7005215d6509",
      "title": "",
      "fullFile": "cypress\\e2e\\admin.cy.js",
      "file": "cypress\\e2e\\admin.cy.js",
      "beforeHooks": [],
      "afterHooks": [],
      "tests": [],
      "suites": [
        {
          "uuid": "d7a91ab3-434a-45b0-8717-fa943cc24b7f",
          "title": "MOVIFLEXX_ADMINISTRADOR",
          "fullFile": "",
          "file": "",
          "beforeHooks": [],
          "afterHooks": [],
          "tests": [
            {
              "title": "1. Autenticación y Acceso -- Debe iniciar sesión correctamente como administrador",
              "fullTitle": "MOVIFLEXX_ADMINISTRADOR 1. Autenticación y Acceso -- Debe iniciar sesión correctamente como administrador",
              "timedOut": null,
              "duration": 20896,
              "state": "failed",
              "speed": null,
              "pass": false,
              "fail": true,
              "pending": false,
              "context": "{\n  \"title\": \"cypress-mochawesome-reporter-screenshots\",\n  \"value\": [\n    [\n      \"\\\\admin.cy.js\\\\MOVIFLEXX_ADMINISTRADOR -- 1. Autenticación y Acceso -- Debe iniciar sesión correctamente como administrador -- before each hook (failed).png\"\n    ]\n  ]\n}",
              "code": "cy.url().should(\"include\", \"/dashboard/home\");\ncy.contains(\"Gestión global de la plataforma MoviFlex\", {\n  timeout: DEFAULT_TIMEOUT\n}).should(\"be.visible\");",
              "err": {
                "message": "CypressError: Timed out after waiting `20000ms` for your remote page to load.\n\nYour page did not fire its `load` event within `20000ms`.\n\nYou can try increasing the `pageLoadTimeout` value in `cypress.config.js` to wait longer.\n\nBrowsers will not fire the `load` event until all stylesheets and scripts are done downloading.\n\nWhen this `load` event occurs, Cypress will continue running commands.\n\nBecause this error occurred during a `before each` hook we are skipping the remaining tests in the current suite: `MOVIFLEXX_ADMINISTRADOR`",
                "estack": "CypressError: Timed out after waiting `20000ms` for your remote page to load.\n\nYour page did not fire its `load` event within `20000ms`.\n\nYou can try increasing the `pageLoadTimeout` value in `cypress.config.js` to wait longer.\n\nBrowsers will not fire the `load` event until all stylesheets and scripts are done downloading.\n\nWhen this `load` event occurs, Cypress will continue running commands.\n\nBecause this error occurred during a `before each` hook we are skipping the remaining tests in the current suite: `MOVIFLEXX_ADMINISTRADOR`\n    at timedOutWaitingForPageLoad (https://moviflexconreact-production.up.railway.app/__cypress/runner/cypress_runner.js:134177:64)\n    at <unknown> (https://moviflexconreact-production.up.railway.app/__cypress/runner/cypress_runner.js:135173:16)\n    at tryCatcher (https://moviflexconreact-production.up.railway.app/__cypress/runner/cypress_runner.js:1777:23)\n    at <unknown> (https://moviflexconreact-production.up.railway.app/__cypress/runner/cypress_runner.js:4156:41)\n    at tryCatcher (https://moviflexconreact-production.up.railway.app/__cypress/runner/cypress_runner.js:1777:23)\n    at Promise._settlePromiseFromHandler (https://moviflexconreact-production.up.railway.app/__cypress/runner/cypress_runner.js:1489:31)\n    at Promise._settlePromise (https://moviflexconreact-production.up.railway.app/__cypress/runner/cypress_runner.js:1546:18)\n    at Promise._settlePromise0 (https://moviflexconreact-production.up.railway.app/__cypress/runner/cypress_runner.js:1591:10)\n    at Promise._settlePromises (https://moviflexconreact-production.up.railway.app/__cypress/runner/cypress_runner.js:1667:18)\n    at _drainQueueStep (https://moviflexconreact-production.up.railway.app/__cypress/runner/cypress_runner.js:2377:12)\n    at _drainQueue (https://moviflexconreact-production.up.railway.app/__cypress/runner/cypress_runner.js:2370:9)\n    at Async._drainQueues (https://moviflexconreact-production.up.railway.app/__cypress/runner/cypress_runner.js:2386:5)\n    at Async.drainQueues (https://moviflexconreact-production.up.railway.app/__cypress/runner/cypress_runner.js:2256:14)\nFrom Your Spec Code:\n    at loginAsAdmin (webpack://moviflex/./cypress/e2e/admin.cy.js:9:7)\n    at Context.eval (webpack://moviflex/./cypress/e2e/admin.cy.js:36:4)",
                "diff": null
              },
              "uuid": "e2c31bc4-5bb0-4a24-a67c-509ffbc1316b",
              "parentUUID": "d7a91ab3-434a-45b0-8717-fa943cc24b7f",
              "isHook": false,
              "skipped": false
            },
            {
              "title": "2. Gestión de Usuarios y Entidades -- Debe visualizar Viajeros, Conductores, Usuarios y Vehículos",
              "fullTitle": "MOVIFLEXX_ADMINISTRADOR 2. Gestión de Usuarios y Entidades -- Debe visualizar Viajeros, Conductores, Usuarios y Vehículos",
              "timedOut": null,
              "duration": 0,
              "state": "skipped",
              "speed": null,
              "pass": false,
              "fail": false,
              "pending": false,
              "context": null,
              "code": "// Viajeros\ncy.contains(\"button\", \"Viajeros\", {\n  timeout: DEFAULT_TIMEOUT\n}).should(\"be.visible\").click();\ncy.url({\n  timeout: DEFAULT_TIMEOUT\n}).should(\"include\", \"/admin/viajeros\");\ncy.contains(\"h1\", \"Lista de Viajeros\", {\n  timeout: DEFAULT_TIMEOUT\n}).should(\"be.visible\");\n// Conductores\ncy.contains(\"button\", \"Conductores\", {\n  timeout: DEFAULT_TIMEOUT\n}).should(\"be.visible\").click();\ncy.url({\n  timeout: DEFAULT_TIMEOUT\n}).should(\"include\", \"/admin/conductores\");\ncy.contains(\"h1\", \"Lista de Conductores\", {\n  timeout: DEFAULT_TIMEOUT\n}).should(\"be.visible\");\n// Usuarios\ncy.contains(\"button\", \"Usuarios\", {\n  timeout: DEFAULT_TIMEOUT\n}).should(\"be.visible\").click();\ncy.url({\n  timeout: DEFAULT_TIMEOUT\n}).should(\"include\", \"/admin/usuarios\");\ncy.contains(\"h1\", \"Lista de Usuarios\", {\n  timeout: DEFAULT_TIMEOUT\n}).should(\"be.visible\");\n// Vehículos\ncy.contains(\"button\", \"Vehículos\", {\n  timeout: DEFAULT_TIMEOUT\n}).should(\"be.visible\").click();\ncy.url({\n  timeout: DEFAULT_TIMEOUT\n}).should(\"include\", \"/admin/vehiculos\");\ncy.contains(\"h1\", \"Lista de Vehículos\", {\n  timeout: DEFAULT_TIMEOUT\n}).should(\"be.visible\");",
              "err": {},
              "uuid": "213c4f59-78c7-4e5f-afbe-359315a7cfcb",
              "parentUUID": "d7a91ab3-434a-45b0-8717-fa943cc24b7f",
              "isHook": false,
              "skipped": true
            },
            {
              "title": "3. Procesos de Aprobación y Documentos -- Debe revisar Documentos y Solicitudes de Vehículos",
              "fullTitle": "MOVIFLEXX_ADMINISTRADOR 3. Procesos de Aprobación y Documentos -- Debe revisar Documentos y Solicitudes de Vehículos",
              "timedOut": null,
              "duration": 0,
              "state": "skipped",
              "speed": null,
              "pass": false,
              "fail": false,
              "pending": false,
              "context": null,
              "code": "// Documentos\ncy.contains(\"button\", \"Documentos\", {\n  timeout: DEFAULT_TIMEOUT\n}).should(\"be.visible\").click();\ncy.url({\n  timeout: DEFAULT_TIMEOUT\n}).should(\"include\", \"/admin/documentos\");\n// La tabla/listado puede tardar, esperamos a que haya contenido o mensaje vacío\ncy.get(\"table\", {\n  timeout: DEFAULT_TIMEOUT\n}).should(\"be.visible\");\n// Solicitudes de cambio / registro de vehículos\ncy.contains(\"button\", \"Solicitudes\", {\n  timeout: DEFAULT_TIMEOUT\n}).should(\"be.visible\").click();\ncy.url({\n  timeout: DEFAULT_TIMEOUT\n}).should(\"include\", \"/admin/solicitudes-vehiculos\");\n// Esperar a que cargue la tabla o mensaje de que no hay solicitudes\ncy.get(\"table\", {\n  timeout: DEFAULT_TIMEOUT\n}).should(\"be.visible\");",
              "err": {},
              "uuid": "0f56e691-1139-4164-b731-3a50c32c703f",
              "parentUUID": "d7a91ab3-434a-45b0-8717-fa943cc24b7f",
              "isHook": false,
              "skipped": true
            },
            {
              "title": "4. Reportes y Finalización -- Debe filtrar Reportes de Pago y cerrar sesión",
              "fullTitle": "MOVIFLEXX_ADMINISTRADOR 4. Reportes y Finalización -- Debe filtrar Reportes de Pago y cerrar sesión",
              "timedOut": null,
              "duration": 0,
              "state": "skipped",
              "speed": null,
              "pass": false,
              "fail": false,
              "pending": false,
              "context": null,
              "code": "// Ir a reportes de pago\ncy.contains(\"button\", \"Reportes de Pago\", {\n  timeout: DEFAULT_TIMEOUT\n}).should(\"be.visible\").click();\ncy.url({\n  timeout: DEFAULT_TIMEOUT\n}).should(\"include\", \"/admin/reportes-pago\");\n// Esperar a que la vista de reportes se renderice\ncy.contains(\"Reportes de Pago\", {\n  timeout: DEFAULT_TIMEOUT\n}).should(\"be.visible\");\n// Aplicar filtros básicos (estado y mes) para validar que los controles responden\ncy.get('select', {\n  timeout: DEFAULT_TIMEOUT\n}).first().select(\"PENDIENTE\");\ncy.get('input[type=\"month\"]', {\n  timeout: DEFAULT_TIMEOUT\n}).clear().type(\"2026-08\");\n// Botón de limpiar filtros (si existe) debería estar visible\ncy.contains(\"button\", \"Limpiar filtros\", {\n  timeout: DEFAULT_TIMEOUT\n}).should(\"be.visible\");\n// Cerrar sesión desde el header (botón CERRAR SESIÓN en sidebar o menú de usuario)\ncy.contains(\"button\", \"CERRAR SESIÓN\", {\n  timeout: DEFAULT_TIMEOUT\n}).should(\"be.visible\").click();\n// Debería regresar a la pantalla pública (home o login)\ncy.url({\n  timeout: DEFAULT_TIMEOUT\n}).should(\"satisfy\", url => {\n  return url.includes(\"/login\") || url.endsWith(\"/\");\n});",
              "err": {},
              "uuid": "4f68408a-18d1-406f-84c5-88912fe26959",
              "parentUUID": "d7a91ab3-434a-45b0-8717-fa943cc24b7f",
              "isHook": false,
              "skipped": true
            }
          ],
          "suites": [],
          "passes": [],
          "failures": [
            "e2c31bc4-5bb0-4a24-a67c-509ffbc1316b"
          ],
          "pending": [],
          "skipped": [
            "213c4f59-78c7-4e5f-afbe-359315a7cfcb",
            "0f56e691-1139-4164-b731-3a50c32c703f",
            "4f68408a-18d1-406f-84c5-88912fe26959"
          ],
          "duration": 20896,
          "root": false,
          "rootEmpty": false,
          "_timeout": 2000
        }
      ],
      "passes": [],
      "failures": [],
      "pending": [],
      "skipped": [],
      "duration": 0,
      "root": true,
      "rootEmpty": true,
      "_timeout": 2000
    }
  ],
  "meta": {
    "mocha": {
      "version": "7.2.0"
    },
    "mochawesome": {
      "options": {
        "quiet": false,
        "reportFilename": "mochawesome",
        "saveHtml": false,
        "saveJson": true,
        "consoleReporter": "spec",
        "useInlineDiffs": false,
        "code": true
      },
      "version": "7.1.4"
    },
    "marge": {
      "options": {
        "overwrite": false,
        "html": false,
        "json": true,
        "reportDir": "cypress\\reports\\html\\.jsons"
      },
      "version": "6.3.2"
    }
  }
}