{
  "stats": {
    "suites": 1,
    "tests": 5,
    "passes": 0,
    "pending": 0,
    "failures": 5,
    "start": "2026-03-13T00:03:28.453Z",
    "end": "2026-03-13T00:05:12.308Z",
    "duration": 103855,
    "testsRegistered": 5,
    "passPercent": 0,
    "pendingPercent": 0,
    "other": 0,
    "hasOther": false,
    "skipped": 0,
    "hasSkipped": false
  },
  "results": [
    {
      "uuid": "3afeeb4d-5e57-47d0-8320-b3d593128f4f",
      "title": "",
      "fullFile": "cypress\\e2e\\casocontrario-administrador.cy.js",
      "file": "cypress\\e2e\\casocontrario-administrador.cy.js",
      "beforeHooks": [],
      "afterHooks": [],
      "tests": [],
      "suites": [
        {
          "uuid": "a7e105d9-fb5e-4282-80e0-8d0134d92355",
          "title": "Casos Contrarios — Administrador",
          "fullFile": "",
          "file": "",
          "beforeHooks": [],
          "afterHooks": [],
          "tests": [
            {
              "title": "1. Login con contraseña incorrecta (admin)",
              "fullTitle": "Casos Contrarios — Administrador 1. Login con contraseña incorrecta (admin)",
              "timedOut": null,
              "duration": 20565,
              "state": "failed",
              "speed": null,
              "pass": false,
              "fail": true,
              "pending": false,
              "context": "{\n  \"title\": \"cypress-mochawesome-reporter-screenshots\",\n  \"value\": [\n    [\n      \"\\\\casocontrario-administrador.cy.js\\\\Casos Contrarios — Administrador -- 1. Login con contraseña incorrecta (admin) (failed).png\"\n    ]\n  ]\n}",
              "code": "cy.viewport(1280, 720);\ncy.visit(\"/login\", {\n  timeout: DEFAULT_TIMEOUT\n});\ncy.get('input[placeholder=\"Correo electrónico\"]', {\n  timeout: DEFAULT_TIMEOUT\n}).should(\"be.visible\").clear().type(ADMIN_EMAIL);\ncy.get('input[placeholder=\"Contraseña\"]', {\n  timeout: DEFAULT_TIMEOUT\n}).should(\"be.visible\").clear().type(\"ContraseñaMala999!\");\ncy.contains(\"button\", \"Iniciar Sesión\", {\n  timeout: DEFAULT_TIMEOUT\n}).should(\"be.enabled\").click();\ncy.get(\".alert-danger\", {\n  timeout: DEFAULT_TIMEOUT\n}).should(\"be.visible\");\ncy.url().should(\"include\", \"/login\");",
              "err": {
                "message": "CypressError: Timed out after waiting `20000ms` for your remote page to load.\n\nYour page did not fire its `load` event within `20000ms`.\n\nYou can try increasing the `pageLoadTimeout` value in `cypress.config.js` to wait longer.\n\nBrowsers will not fire the `load` event until all stylesheets and scripts are done downloading.\n\nWhen this `load` event occurs, Cypress will continue running commands.",
                "estack": "CypressError: Timed out after waiting `20000ms` for your remote page to load.\n\nYour page did not fire its `load` event within `20000ms`.\n\nYou can try increasing the `pageLoadTimeout` value in `cypress.config.js` to wait longer.\n\nBrowsers will not fire the `load` event until all stylesheets and scripts are done downloading.\n\nWhen this `load` event occurs, Cypress will continue running commands.\n    at timedOutWaitingForPageLoad (https://moviflexconreact-production.up.railway.app/__cypress/runner/cypress_runner.js:134177:64)\n    at <unknown> (https://moviflexconreact-production.up.railway.app/__cypress/runner/cypress_runner.js:135173:16)\n    at tryCatcher (https://moviflexconreact-production.up.railway.app/__cypress/runner/cypress_runner.js:1777:23)\n    at <unknown> (https://moviflexconreact-production.up.railway.app/__cypress/runner/cypress_runner.js:4156:41)\n    at tryCatcher (https://moviflexconreact-production.up.railway.app/__cypress/runner/cypress_runner.js:1777:23)\n    at Promise._settlePromiseFromHandler (https://moviflexconreact-production.up.railway.app/__cypress/runner/cypress_runner.js:1489:31)\n    at Promise._settlePromise (https://moviflexconreact-production.up.railway.app/__cypress/runner/cypress_runner.js:1546:18)\n    at Promise._settlePromise0 (https://moviflexconreact-production.up.railway.app/__cypress/runner/cypress_runner.js:1591:10)\n    at Promise._settlePromises (https://moviflexconreact-production.up.railway.app/__cypress/runner/cypress_runner.js:1667:18)\n    at _drainQueueStep (https://moviflexconreact-production.up.railway.app/__cypress/runner/cypress_runner.js:2377:12)\n    at _drainQueue (https://moviflexconreact-production.up.railway.app/__cypress/runner/cypress_runner.js:2370:9)\n    at Async._drainQueues (https://moviflexconreact-production.up.railway.app/__cypress/runner/cypress_runner.js:2386:5)\n    at Async.drainQueues (https://moviflexconreact-production.up.railway.app/__cypress/runner/cypress_runner.js:2256:14)\nFrom Your Spec Code:\n    at Context.eval (webpack://moviflex/./cypress/e2e/casocontrario-administrador.cy.js:7:7)",
                "diff": null
              },
              "uuid": "8e727b79-6024-4937-a3ef-cdeaa952c75e",
              "parentUUID": "a7e105d9-fb5e-4282-80e0-8d0134d92355",
              "isHook": false,
              "skipped": false
            },
            {
              "title": "2. Login con email no registrado",
              "fullTitle": "Casos Contrarios — Administrador 2. Login con email no registrado",
              "timedOut": null,
              "duration": 20378,
              "state": "failed",
              "speed": null,
              "pass": false,
              "fail": true,
              "pending": false,
              "context": "{\n  \"title\": \"cypress-mochawesome-reporter-screenshots\",\n  \"value\": [\n    [\n      \"\\\\casocontrario-administrador.cy.js\\\\Casos Contrarios — Administrador -- 2. Login con email no registrado (failed).png\"\n    ]\n  ]\n}",
              "code": "cy.viewport(1280, 720);\ncy.visit(\"/login\", {\n  timeout: DEFAULT_TIMEOUT\n});\ncy.get('input[placeholder=\"Correo electrónico\"]', {\n  timeout: DEFAULT_TIMEOUT\n}).should(\"be.visible\").clear().type(\"admin_falso_99999@gmail.com\");\ncy.get('input[placeholder=\"Contraseña\"]', {\n  timeout: DEFAULT_TIMEOUT\n}).should(\"be.visible\").clear().type(\"CualquierPass123!\");\ncy.contains(\"button\", \"Iniciar Sesión\", {\n  timeout: DEFAULT_TIMEOUT\n}).should(\"be.enabled\").click();\ncy.get(\".alert-danger\", {\n  timeout: DEFAULT_TIMEOUT\n}).should(\"be.visible\");\ncy.url().should(\"include\", \"/login\");",
              "err": {
                "message": "CypressError: Timed out after waiting `20000ms` for your remote page to load.\n\nYour page did not fire its `load` event within `20000ms`.\n\nYou can try increasing the `pageLoadTimeout` value in `cypress.config.js` to wait longer.\n\nBrowsers will not fire the `load` event until all stylesheets and scripts are done downloading.\n\nWhen this `load` event occurs, Cypress will continue running commands.",
                "estack": "CypressError: Timed out after waiting `20000ms` for your remote page to load.\n\nYour page did not fire its `load` event within `20000ms`.\n\nYou can try increasing the `pageLoadTimeout` value in `cypress.config.js` to wait longer.\n\nBrowsers will not fire the `load` event until all stylesheets and scripts are done downloading.\n\nWhen this `load` event occurs, Cypress will continue running commands.\n    at timedOutWaitingForPageLoad (https://moviflexconreact-production.up.railway.app/__cypress/runner/cypress_runner.js:134177:64)\n    at <unknown> (https://moviflexconreact-production.up.railway.app/__cypress/runner/cypress_runner.js:135173:16)\n    at tryCatcher (https://moviflexconreact-production.up.railway.app/__cypress/runner/cypress_runner.js:1777:23)\n    at <unknown> (https://moviflexconreact-production.up.railway.app/__cypress/runner/cypress_runner.js:4156:41)\n    at tryCatcher (https://moviflexconreact-production.up.railway.app/__cypress/runner/cypress_runner.js:1777:23)\n    at Promise._settlePromiseFromHandler (https://moviflexconreact-production.up.railway.app/__cypress/runner/cypress_runner.js:1489:31)\n    at Promise._settlePromise (https://moviflexconreact-production.up.railway.app/__cypress/runner/cypress_runner.js:1546:18)\n    at Promise._settlePromise0 (https://moviflexconreact-production.up.railway.app/__cypress/runner/cypress_runner.js:1591:10)\n    at Promise._settlePromises (https://moviflexconreact-production.up.railway.app/__cypress/runner/cypress_runner.js:1667:18)\n    at _drainQueueStep (https://moviflexconreact-production.up.railway.app/__cypress/runner/cypress_runner.js:2377:12)\n    at _drainQueue (https://moviflexconreact-production.up.railway.app/__cypress/runner/cypress_runner.js:2370:9)\n    at Async._drainQueues (https://moviflexconreact-production.up.railway.app/__cypress/runner/cypress_runner.js:2386:5)\n    at Async.drainQueues (https://moviflexconreact-production.up.railway.app/__cypress/runner/cypress_runner.js:2256:14)\nFrom Your Spec Code:\n    at Context.eval (webpack://moviflex/./cypress/e2e/casocontrario-administrador.cy.js:29:7)",
                "diff": null
              },
              "uuid": "9edd5d5c-b2a7-4474-abc5-522980961a7f",
              "parentUUID": "a7e105d9-fb5e-4282-80e0-8d0134d92355",
              "isHook": false,
              "skipped": false
            },
            {
              "title": "3. Login con campos vacíos no permite enviar",
              "fullTitle": "Casos Contrarios — Administrador 3. Login con campos vacíos no permite enviar",
              "timedOut": null,
              "duration": 20754,
              "state": "failed",
              "speed": null,
              "pass": false,
              "fail": true,
              "pending": false,
              "context": "{\n  \"title\": \"cypress-mochawesome-reporter-screenshots\",\n  \"value\": [\n    [\n      \"\\\\casocontrario-administrador.cy.js\\\\Casos Contrarios — Administrador -- 3. Login con campos vacíos no permite enviar (failed).png\"\n    ]\n  ]\n}",
              "code": "cy.viewport(1280, 720);\ncy.visit(\"/login\", {\n  timeout: DEFAULT_TIMEOUT\n});\ncy.contains(\"button\", \"Iniciar Sesión\", {\n  timeout: DEFAULT_TIMEOUT\n}).should(\"be.visible\").click();\n// HTML required previene el envío\ncy.url().should(\"include\", \"/login\");\ncy.get(\".alert-danger\").should(\"not.exist\");",
              "err": {
                "message": "CypressError: Timed out after waiting `20000ms` for your remote page to load.\n\nYour page did not fire its `load` event within `20000ms`.\n\nYou can try increasing the `pageLoadTimeout` value in `cypress.config.js` to wait longer.\n\nBrowsers will not fire the `load` event until all stylesheets and scripts are done downloading.\n\nWhen this `load` event occurs, Cypress will continue running commands.",
                "estack": "CypressError: Timed out after waiting `20000ms` for your remote page to load.\n\nYour page did not fire its `load` event within `20000ms`.\n\nYou can try increasing the `pageLoadTimeout` value in `cypress.config.js` to wait longer.\n\nBrowsers will not fire the `load` event until all stylesheets and scripts are done downloading.\n\nWhen this `load` event occurs, Cypress will continue running commands.\n    at timedOutWaitingForPageLoad (https://moviflexconreact-production.up.railway.app/__cypress/runner/cypress_runner.js:134177:64)\n    at <unknown> (https://moviflexconreact-production.up.railway.app/__cypress/runner/cypress_runner.js:135173:16)\n    at tryCatcher (https://moviflexconreact-production.up.railway.app/__cypress/runner/cypress_runner.js:1777:23)\n    at <unknown> (https://moviflexconreact-production.up.railway.app/__cypress/runner/cypress_runner.js:4156:41)\n    at tryCatcher (https://moviflexconreact-production.up.railway.app/__cypress/runner/cypress_runner.js:1777:23)\n    at Promise._settlePromiseFromHandler (https://moviflexconreact-production.up.railway.app/__cypress/runner/cypress_runner.js:1489:31)\n    at Promise._settlePromise (https://moviflexconreact-production.up.railway.app/__cypress/runner/cypress_runner.js:1546:18)\n    at Promise._settlePromise0 (https://moviflexconreact-production.up.railway.app/__cypress/runner/cypress_runner.js:1591:10)\n    at Promise._settlePromises (https://moviflexconreact-production.up.railway.app/__cypress/runner/cypress_runner.js:1667:18)\n    at _drainQueueStep (https://moviflexconreact-production.up.railway.app/__cypress/runner/cypress_runner.js:2377:12)\n    at _drainQueue (https://moviflexconreact-production.up.railway.app/__cypress/runner/cypress_runner.js:2370:9)\n    at Async._drainQueues (https://moviflexconreact-production.up.railway.app/__cypress/runner/cypress_runner.js:2386:5)\n    at Async.drainQueues (https://moviflexconreact-production.up.railway.app/__cypress/runner/cypress_runner.js:2256:14)\nFrom Your Spec Code:\n    at Context.eval (webpack://moviflex/./cypress/e2e/casocontrario-administrador.cy.js:51:7)",
                "diff": null
              },
              "uuid": "83caedf8-a52e-4eaf-a6c2-65e7c6ea91b0",
              "parentUUID": "a7e105d9-fb5e-4282-80e0-8d0134d92355",
              "isHook": false,
              "skipped": false
            },
            {
              "title": "4. Acceso a ruta protegida de admin sin sesión redirige a login",
              "fullTitle": "Casos Contrarios — Administrador 4. Acceso a ruta protegida de admin sin sesión redirige a login",
              "timedOut": null,
              "duration": 20725,
              "state": "failed",
              "speed": null,
              "pass": false,
              "fail": true,
              "pending": false,
              "context": "{\n  \"title\": \"cypress-mochawesome-reporter-screenshots\",\n  \"value\": [\n    [\n      \"\\\\casocontrario-administrador.cy.js\\\\Casos Contrarios — Administrador -- 4. Acceso a ruta protegida de admin sin sesión redirige a login (failed).png\"\n    ]\n  ]\n}",
              "code": "cy.viewport(1280, 720);\n// Intentar ir directo al dashboard sin estar logueado\ncy.visit(\"/dashboard/home\", {\n  timeout: DEFAULT_TIMEOUT\n});\ncy.url({\n  timeout: DEFAULT_TIMEOUT\n}).should(\"satisfy\", url => {\n  return url.includes(\"/login\") || url.endsWith(\"/\");\n});",
              "err": {
                "message": "CypressError: Timed out after waiting `20000ms` for your remote page to load.\n\nYour page did not fire its `load` event within `20000ms`.\n\nYou can try increasing the `pageLoadTimeout` value in `cypress.config.js` to wait longer.\n\nBrowsers will not fire the `load` event until all stylesheets and scripts are done downloading.\n\nWhen this `load` event occurs, Cypress will continue running commands.",
                "estack": "CypressError: Timed out after waiting `20000ms` for your remote page to load.\n\nYour page did not fire its `load` event within `20000ms`.\n\nYou can try increasing the `pageLoadTimeout` value in `cypress.config.js` to wait longer.\n\nBrowsers will not fire the `load` event until all stylesheets and scripts are done downloading.\n\nWhen this `load` event occurs, Cypress will continue running commands.\n    at timedOutWaitingForPageLoad (https://moviflexconreact-production.up.railway.app/__cypress/runner/cypress_runner.js:134177:64)\n    at <unknown> (https://moviflexconreact-production.up.railway.app/__cypress/runner/cypress_runner.js:135173:16)\n    at tryCatcher (https://moviflexconreact-production.up.railway.app/__cypress/runner/cypress_runner.js:1777:23)\n    at <unknown> (https://moviflexconreact-production.up.railway.app/__cypress/runner/cypress_runner.js:4156:41)\n    at tryCatcher (https://moviflexconreact-production.up.railway.app/__cypress/runner/cypress_runner.js:1777:23)\n    at Promise._settlePromiseFromHandler (https://moviflexconreact-production.up.railway.app/__cypress/runner/cypress_runner.js:1489:31)\n    at Promise._settlePromise (https://moviflexconreact-production.up.railway.app/__cypress/runner/cypress_runner.js:1546:18)\n    at Promise._settlePromise0 (https://moviflexconreact-production.up.railway.app/__cypress/runner/cypress_runner.js:1591:10)\n    at Promise._settlePromises (https://moviflexconreact-production.up.railway.app/__cypress/runner/cypress_runner.js:1667:18)\n    at _drainQueueStep (https://moviflexconreact-production.up.railway.app/__cypress/runner/cypress_runner.js:2377:12)\n    at _drainQueue (https://moviflexconreact-production.up.railway.app/__cypress/runner/cypress_runner.js:2370:9)\n    at Async._drainQueues (https://moviflexconreact-production.up.railway.app/__cypress/runner/cypress_runner.js:2386:5)\n    at Async.drainQueues (https://moviflexconreact-production.up.railway.app/__cypress/runner/cypress_runner.js:2256:14)\nFrom Your Spec Code:\n    at Context.eval (webpack://moviflex/./cypress/e2e/casocontrario-administrador.cy.js:66:7)",
                "diff": null
              },
              "uuid": "4f1f0499-77c2-4efc-8180-aac5f4647dfa",
              "parentUUID": "a7e105d9-fb5e-4282-80e0-8d0134d92355",
              "isHook": false,
              "skipped": false
            },
            {
              "title": "5. Conductor no puede acceder al dashboard de admin",
              "fullTitle": "Casos Contrarios — Administrador 5. Conductor no puede acceder al dashboard de admin",
              "timedOut": null,
              "duration": 20410,
              "state": "failed",
              "speed": null,
              "pass": false,
              "fail": true,
              "pending": false,
              "context": "{\n  \"title\": \"cypress-mochawesome-reporter-screenshots\",\n  \"value\": [\n    [\n      \"\\\\casocontrario-administrador.cy.js\\\\Casos Contrarios — Administrador -- 5. Conductor no puede acceder al dashboard de admin (failed).png\"\n    ]\n  ]\n}",
              "code": "cy.viewport(1280, 720);\ncy.visit(\"/login\", {\n  timeout: DEFAULT_TIMEOUT\n});\n// Login como conductor\ncy.get('input[placeholder=\"Correo electrónico\"]', {\n  timeout: DEFAULT_TIMEOUT\n}).should(\"be.visible\").clear().type(\"yo@gmail.com\");\ncy.get('input[placeholder=\"Contraseña\"]', {\n  timeout: DEFAULT_TIMEOUT\n}).should(\"be.visible\").clear().type(\"Diana123#\");\ncy.contains(\"button\", \"Iniciar Sesión\", {\n  timeout: DEFAULT_TIMEOUT\n}).should(\"be.enabled\").click();\ncy.url({\n  timeout: 30000\n}).should(\"include\", \"/driver-home\");\n// Intentar navegar al dashboard de admin\ncy.visit(\"/dashboard/home\", {\n  timeout: DEFAULT_TIMEOUT\n});\n// No debe quedarse en el dashboard de admin\ncy.url({\n  timeout: DEFAULT_TIMEOUT\n}).should(\"not.include\", \"/dashboard/home\");",
              "err": {
                "message": "CypressError: Timed out after waiting `20000ms` for your remote page to load.\n\nYour page did not fire its `load` event within `20000ms`.\n\nYou can try increasing the `pageLoadTimeout` value in `cypress.config.js` to wait longer.\n\nBrowsers will not fire the `load` event until all stylesheets and scripts are done downloading.\n\nWhen this `load` event occurs, Cypress will continue running commands.",
                "estack": "CypressError: Timed out after waiting `20000ms` for your remote page to load.\n\nYour page did not fire its `load` event within `20000ms`.\n\nYou can try increasing the `pageLoadTimeout` value in `cypress.config.js` to wait longer.\n\nBrowsers will not fire the `load` event until all stylesheets and scripts are done downloading.\n\nWhen this `load` event occurs, Cypress will continue running commands.\n    at timedOutWaitingForPageLoad (https://moviflexconreact-production.up.railway.app/__cypress/runner/cypress_runner.js:134177:64)\n    at <unknown> (https://moviflexconreact-production.up.railway.app/__cypress/runner/cypress_runner.js:135173:16)\n    at tryCatcher (https://moviflexconreact-production.up.railway.app/__cypress/runner/cypress_runner.js:1777:23)\n    at <unknown> (https://moviflexconreact-production.up.railway.app/__cypress/runner/cypress_runner.js:4156:41)\n    at tryCatcher (https://moviflexconreact-production.up.railway.app/__cypress/runner/cypress_runner.js:1777:23)\n    at Promise._settlePromiseFromHandler (https://moviflexconreact-production.up.railway.app/__cypress/runner/cypress_runner.js:1489:31)\n    at Promise._settlePromise (https://moviflexconreact-production.up.railway.app/__cypress/runner/cypress_runner.js:1546:18)\n    at Promise._settlePromise0 (https://moviflexconreact-production.up.railway.app/__cypress/runner/cypress_runner.js:1591:10)\n    at Promise._settlePromises (https://moviflexconreact-production.up.railway.app/__cypress/runner/cypress_runner.js:1667:18)\n    at _drainQueueStep (https://moviflexconreact-production.up.railway.app/__cypress/runner/cypress_runner.js:2377:12)\n    at _drainQueue (https://moviflexconreact-production.up.railway.app/__cypress/runner/cypress_runner.js:2370:9)\n    at Async._drainQueues (https://moviflexconreact-production.up.railway.app/__cypress/runner/cypress_runner.js:2386:5)\n    at Async.drainQueues (https://moviflexconreact-production.up.railway.app/__cypress/runner/cypress_runner.js:2256:14)\nFrom Your Spec Code:\n    at Context.eval (webpack://moviflex/./cypress/e2e/casocontrario-administrador.cy.js:75:7)",
                "diff": null
              },
              "uuid": "125e0d8d-334d-4eb5-acc8-f29e49822c3f",
              "parentUUID": "a7e105d9-fb5e-4282-80e0-8d0134d92355",
              "isHook": false,
              "skipped": false
            }
          ],
          "suites": [],
          "passes": [],
          "failures": [
            "8e727b79-6024-4937-a3ef-cdeaa952c75e",
            "9edd5d5c-b2a7-4474-abc5-522980961a7f",
            "83caedf8-a52e-4eaf-a6c2-65e7c6ea91b0",
            "4f1f0499-77c2-4efc-8180-aac5f4647dfa",
            "125e0d8d-334d-4eb5-acc8-f29e49822c3f"
          ],
          "pending": [],
          "skipped": [],
          "duration": 102832,
          "root": false,
          "rootEmpty": false,
          "_timeout": 2000
        }
      ],
      "passes": [],
      "failures": [],
      "pending": [],
      "skipped": [],
      "duration": 0,
      "root": true,
      "rootEmpty": true,
      "_timeout": 2000
    }
  ],
  "meta": {
    "mocha": {
      "version": "7.2.0"
    },
    "mochawesome": {
      "options": {
        "quiet": false,
        "reportFilename": "mochawesome",
        "saveHtml": false,
        "saveJson": true,
        "consoleReporter": "spec",
        "useInlineDiffs": false,
        "code": true
      },
      "version": "7.1.4"
    },
    "marge": {
      "options": {
        "overwrite": false,
        "html": false,
        "json": true,
        "reportDir": "cypress\\reports\\html\\.jsons"
      },
      "version": "6.3.2"
    }
  }
}